{"total": {"lines":{"total":109,"covered":107,"skipped":0,"pct":98.16},"statements":{"total":109,"covered":107,"skipped":0,"pct":98.16},"functions":{"total":5,"covered":5,"skipped":0,"pct":100},"branches":{"total":18,"covered":16,"skipped":0,"pct":88.88},"branchesTrue":{"total":0,"covered":0,"skipped":0,"pct":"Unknown"}}
,"C:\\Users\\Melen\\Desktop\\Cours\\DevOps\\DevOps\\index.js": {"lines":{"total":29,"covered":29,"skipped":0,"pct":100},"functions":{"total":1,"covered":1,"skipped":0,"pct":100},"statements":{"total":29,"covered":29,"skipped":0,"pct":100},"branches":{"total":4,"covered":3,"skipped":0,"pct":75}}
,"C:\\Users\\Melen\\Desktop\\Cours\\DevOps\\DevOps\\saver.js": {"lines":{"total":80,"covered":78,"skipped":0,"pct":97.5},"functions":{"total":4,"covered":4,"skipped":0,"pct":100},"statements":{"total":80,"covered":78,"skipped":0,"pct":97.5},"branches":{"total":14,"covered":13,"skipped":0,"pct":92.85}}
}
